{"/home/csbrandt/projects/WGS84RasterUtil/index.js":{"path":"/home/csbrandt/projects/WGS84RasterUtil/index.js","s":{"1":1,"2":1,"3":1,"4":1,"5":1,"6":1,"7":1,"8":1,"9":1,"10":1,"11":1,"12":1,"13":1,"14":1,"15":1,"16":1,"17":1,"18":1,"19":1,"20":1,"21":1,"22":1},"b":{},"f":{"1":1,"2":1,"3":1},"fnMap":{"1":{"name":"(anonymous_1)","line":11,"loc":{"start":{"line":11,"column":27},"end":{"line":11,"column":86}}},"2":{"name":"(anonymous_2)","line":15,"loc":{"start":{"line":15,"column":28},"end":{"line":15,"column":93}}},"3":{"name":"(anonymous_3)","line":34,"loc":{"start":{"line":34,"column":29},"end":{"line":34,"column":94}}}},"statementMap":{"1":{"start":{"line":6,"column":0},"end":{"line":6,"column":38}},"2":{"start":{"line":9,"column":0},"end":{"line":9,"column":30}},"3":{"start":{"line":11,"column":0},"end":{"line":13,"column":2}},"4":{"start":{"line":12,"column":3},"end":{"line":12,"column":87}},"5":{"start":{"line":15,"column":0},"end":{"line":32,"column":2}},"6":{"start":{"line":16,"column":3},"end":{"line":16,"column":22}},"7":{"start":{"line":17,"column":3},"end":{"line":17,"column":98}},"8":{"start":{"line":18,"column":3},"end":{"line":18,"column":98}},"9":{"start":{"line":20,"column":3},"end":{"line":20,"column":42}},"10":{"start":{"line":21,"column":3},"end":{"line":21,"column":42}},"11":{"start":{"line":22,"column":3},"end":{"line":24,"column":33}},"12":{"start":{"line":25,"column":3},"end":{"line":27,"column":33}},"13":{"start":{"line":29,"column":3},"end":{"line":29,"column":38}},"14":{"start":{"line":31,"column":3},"end":{"line":31,"column":20}},"15":{"start":{"line":34,"column":0},"end":{"line":48,"column":2}},"16":{"start":{"line":35,"column":3},"end":{"line":35,"column":23}},"17":{"start":{"line":37,"column":3},"end":{"line":38,"column":36}},"18":{"start":{"line":39,"column":3},"end":{"line":41,"column":43}},"19":{"start":{"line":42,"column":3},"end":{"line":42,"column":53}},"20":{"start":{"line":43,"column":3},"end":{"line":43,"column":53}},"21":{"start":{"line":45,"column":3},"end":{"line":45,"column":39}},"22":{"start":{"line":47,"column":3},"end":{"line":47,"column":21}}},"branchMap":{}}}